<?xml version="1.0" encoding="UTF-8" ?>
<testsuite errors="0" failures="0" hostname="Vili-PC" name="hr.fer.zemris.java.tecaj.hw4.collections.SimpleHashtableTests" skipped="0" tests="26" time="0.176" timestamp="2015-04-15T16:17:26">
  <properties>
    <property name="java.vendor" value="Oracle Corporation" />
    <property name="sun.java.launcher" value="SUN_STANDARD" />
    <property name="sun.management.compiler" value="HotSpot 64-Bit Tiered Compilers" />
    <property name="dist" value="C:\Users\Vili\workspaceZaJavaTecaj\HW04-0036477561\dist" />
    <property name="os.name" value="Windows 7" />
    <property name="sun.boot.class.path" value="C:\Program Files\Java\jdk1.8.0_20\jre\lib\resources.jar;C:\Program Files\Java\jdk1.8.0_20\jre\lib\rt.jar;C:\Program Files\Java\jdk1.8.0_20\jre\lib\sunrsasign.jar;C:\Program Files\Java\jdk1.8.0_20\jre\lib\jsse.jar;C:\Program Files\Java\jdk1.8.0_20\jre\lib\jce.jar;C:\Program Files\Java\jdk1.8.0_20\jre\lib\charsets.jar;C:\Program Files\Java\jdk1.8.0_20\jre\lib\jfr.jar;C:\Program Files\Java\jdk1.8.0_20\jre\classes" />
    <property name="TODAY" value="April 15 2015" />
    <property name="sun.desktop" value="windows" />
    <property name="java.vm.specification.vendor" value="Oracle Corporation" />
    <property name="ant.home" value="C:\Users\ProgramiJava\apache-ant-1.9.4" />
    <property name="java.runtime.version" value="1.8.0_20-b26" />
    <property name="user.name" value="Vili" />
    <property name="src.java" value="C:\Users\Vili\workspaceZaJavaTecaj\HW04-0036477561\src\main\java" />
    <property name="dist.lib" value="C:\Users\Vili\workspaceZaJavaTecaj\HW04-0036477561\dist\lib" />
    <property name="user.language" value="en" />
    <property name="build" value="C:\Users\Vili\workspaceZaJavaTecaj\HW04-0036477561\build" />
    <property name="sun.boot.library.path" value="C:\Program Files\Java\jdk1.8.0_20\jre\bin" />
    <property name="ant.file.type.Grafika" value="file" />
    <property name="ant.project.default-target" value="jar" />
    <property name="ant.project.name" value="Grafika" />
    <property name="DSTAMP" value="20150415" />
    <property name="java.version" value="1.8.0_20" />
    <property name="user.timezone" value="Europe/Prague" />
    <property name="sun.arch.data.model" value="64" />
    <property name="java.endorsed.dirs" value="C:\Program Files\Java\jdk1.8.0_20\jre\lib\endorsed" />
    <property name="sun.cpu.isalist" value="amd64" />
    <property name="sun.jnu.encoding" value="Cp1252" />
    <property name="file.encoding.pkg" value="sun.io" />
    <property name="file.separator" value="\" />
    <property name="java.specification.name" value="Java Platform API Specification" />
    <property name="jacoco.home" value="C:/Users/ProgramiJava/jacoco-0.7.4" />
    <property name="java.class.version" value="52.0" />
    <property name="src" value="C:\Users\Vili\workspaceZaJavaTecaj\HW04-0036477561\src" />
    <property name="user.country" value="GB" />
    <property name="java.home" value="C:\Program Files\Java\jdk1.8.0_20\jre" />
    <property name="java.vm.info" value="mixed mode" />
    <property name="ant.file" value="C:\Users\Vili\workspaceZaJavaTecaj\HW04-0036477561\build.xml" />
    <property name="os.version" value="6.1" />
    <property name="path.separator" value=";" />
    <property name="java.vm.version" value="25.20-b23" />
    <property name="user.variant" value="" />
    <property name="ant.library.dir" value="C:\Users\ProgramiJava\apache-ant-1.9.4\lib" />
    <property name="java.awt.printerjob" value="sun.awt.windows.WPrinterJob" />
    <property name="sun.io.unicode.encoding" value="UnicodeLittle" />
    <property name="awt.toolkit" value="sun.awt.windows.WToolkit" />
    <property name="_jacoco.agentFile" value="C:\Users\Vili\AppData\Local\Temp\jacocoagent1982889438759882842.jar" />
    <property name="sun.stdout.encoding" value="cp850" />
    <property name="xalan.home" value="C:/Users/ProgramiJava/xalan-j_2_7_1" />
    <property name="user.script" value="" />
    <property name="user.home" value="C:\Users\Vili" />
    <property name="java.specification.vendor" value="Oracle Corporation" />
    <property name="ant.file.Grafika" value="C:\Users\Vili\workspaceZaJavaTecaj\HW04-0036477561\build.xml" />
    <property name="java.library.path" value="C:\Program Files\Java\jdk1.8.0_20\jre\bin;C:\Windows\Sun\Java\bin;C:\Windows\system32;C:\Windows;C:\ProgramData\Oracle\Java\javapath;C:\Program Files (x86)\NVIDIA Corporation\PhysX\Common;C:\Windows\system32;C:\Windows;C:\Windows\System32\Wbem;C:\Windows\System32\WindowsPowerShell\v1.0\;C:\Program Files (x86)\Intel\OpenCL SDK\2.0\bin\x86;C:\Program Files (x86)\Intel\OpenCL SDK\2.0\bin\x64;C:\Program Files\Microsoft SQL Server\110\Tools\Binn\;C:\Program Files\Java\jdk1.8.0_20\bin;C:\Users\ProgramiJava\apache-ant-1.9.4\bin;." />
    <property name="java.vendor.url" value="http://java.oracle.com/" />
    <property name="java.vm.vendor" value="Oracle Corporation" />
    <property name="java.runtime.name" value="Java(TM) SE Runtime Environment" />
    <property name="sun.java.command" value="org.apache.tools.ant.taskdefs.optional.junit.JUnitTestRunner testsfile=C:\Users\Vili\workspaceZaJavaTecaj\HW04-0036477561\junittestcases7413331735738326892.properties skipNonTests=false filtertrace=true haltOnError=false haltOnFailure=true formatter=org.apache.tools.ant.taskdefs.optional.junit.SummaryJUnitResultFormatter showoutput=false outputtoformatters=true logfailedtests=true threadid=0 logtestlistenerevents=false formatter=org.apache.tools.ant.taskdefs.optional.junit.PlainJUnitResultFormatter,C:\Users\Vili\workspaceZaJavaTecaj\HW04-0036477561\dist\test-reports\xml\IGNORETHIS.txt formatter=org.apache.tools.ant.taskdefs.optional.junit.XMLJUnitResultFormatter,C:\Users\Vili\workspaceZaJavaTecaj\HW04-0036477561\dist\test-reports\xml\IGNORETHIS.xml crashfile=C:\Users\Vili\workspaceZaJavaTecaj\HW04-0036477561\junitvmwatcher6132859758706770238.properties propsfile=C:\Users\Vili\workspaceZaJavaTecaj\HW04-0036477561\junit9204986664486458596.properties" />
    <property name="java.class.path" value="C:\Users\Vili\workspaceZaJavaTecaj\HW04-0036477561\lib\prikaz.jar;C:\Users\Vili\workspaceZaJavaTecaj\HW04-0036477561\build\classes;C:\Users\Vili\workspaceZaJavaTecaj\HW04-0036477561\build\test;C:\Users\ProgramiJava\junit-4.12\hamcrest-core-1.3.jar;C:\Users\ProgramiJava\junit-4.12\junit-4.12.jar;C:\Users\ProgramiJava\apache-ant-1.9.4\lib\ant-launcher.jar;C:\Users\ProgramiJava\apache-ant-1.9.4\lib\ant.jar;C:\Users\ProgramiJava\apache-ant-1.9.4\lib\ant-junit.jar;C:\Users\ProgramiJava\apache-ant-1.9.4\lib\ant-junit4.jar;C:\Users\Vili\AppData\Local\Temp\jacocoagent1982889438759882842.jar" />
    <property name="ant.version" value="Apache Ant(TM) version 1.9.4 compiled on April 29 2014" />
    <property name="TSTAMP" value="1817" />
    <property name="java.vm.specification.name" value="Java Virtual Machine Specification" />
    <property name="ant.file.type" value="file" />
    <property name="program" value="hr.fer.zemris.java.tecaj.hw4.grafika.demo.Crtalo" />
    <property name="java.vm.specification.version" value="1.8" />
    <property name="build.classes" value="C:\Users\Vili\workspaceZaJavaTecaj\HW04-0036477561\build\classes" />
    <property name="sun.cpu.endian" value="little" />
    <property name="sun.os.patch.level" value="Service Pack 1" />
    <property name="src.test" value="C:\Users\Vili\workspaceZaJavaTecaj\HW04-0036477561\src\test\java" />
    <property name="java.io.tmpdir" value="C:\Users\Vili\AppData\Local\Temp\" />
    <property name="pmd.home" value="C:/Users/ProgramiJava/pmd-bin-5.2.3" />
    <property name="java.vendor.url.bug" value="http://bugreport.sun.com/bugreport/" />
    <property name="os.arch" value="amd64" />
    <property name="java.awt.graphicsenv" value="sun.awt.Win32GraphicsEnvironment" />
    <property name="java.ext.dirs" value="C:\Program Files\Java\jdk1.8.0_20\jre\lib\ext;C:\Windows\Sun\Java\lib\ext" />
    <property name="user.dir" value="C:\Users\Vili\workspaceZaJavaTecaj\HW04-0036477561" />
    <property name="line.separator" value="&#xd;&#xa;" />
    <property name="java.vm.name" value="Java HotSpot(TM) 64-Bit Server VM" />
    <property name="basedir" value="C:\Users\Vili\workspaceZaJavaTecaj\HW04-0036477561" />
    <property name="junit.home" value="C:/Users/ProgramiJava/junit-4.12" />
    <property name="ant.java.version" value="1.8" />
    <property name="ant.core.lib" value="C:\Users\ProgramiJava\apache-ant-1.9.4\lib\ant.jar" />
    <property name="file.encoding" value="Cp1252" />
    <property name="sun.stderr.encoding" value="cp850" />
    <property name="build.test" value="C:\Users\Vili\workspaceZaJavaTecaj\HW04-0036477561\build\test" />
    <property name="java.specification.version" value="1.8" />
    <property name="ant.project.invoked-targets" value="run-tests" />
  </properties>
  <testcase classname="hr.fer.zemris.java.tecaj.hw4.collections.SimpleHashtableTests" name="testIteratorExcep2" time="0.047" />
  <testcase classname="hr.fer.zemris.java.tecaj.hw4.collections.SimpleHashtableTests" name="testIteratorExcep3" time="0.001" />
  <testcase classname="hr.fer.zemris.java.tecaj.hw4.collections.SimpleHashtableTests" name="testGetExcep" time="0.0" />
  <testcase classname="hr.fer.zemris.java.tecaj.hw4.collections.SimpleHashtableTests" name="testGet" time="0.001" />
  <testcase classname="hr.fer.zemris.java.tecaj.hw4.collections.SimpleHashtableTests" name="testPut" time="0.0" />
  <testcase classname="hr.fer.zemris.java.tecaj.hw4.collections.SimpleHashtableTests" name="testClear" time="0.001" />
  <testcase classname="hr.fer.zemris.java.tecaj.hw4.collections.SimpleHashtableTests" name="testSize" time="0.0" />
  <testcase classname="hr.fer.zemris.java.tecaj.hw4.collections.SimpleHashtableTests" name="testToString" time="0.0" />
  <testcase classname="hr.fer.zemris.java.tecaj.hw4.collections.SimpleHashtableTests" name="testContainsKeyExcep" time="0.003" />
  <testcase classname="hr.fer.zemris.java.tecaj.hw4.collections.SimpleHashtableTests" name="testContainsValueExcep" time="0.0" />
  <testcase classname="hr.fer.zemris.java.tecaj.hw4.collections.SimpleHashtableTests" name="testRemoveExcep" time="0.0" />
  <testcase classname="hr.fer.zemris.java.tecaj.hw4.collections.SimpleHashtableTests" name="testConstructorWithOneParameter" time="0.0" />
  <testcase classname="hr.fer.zemris.java.tecaj.hw4.collections.SimpleHashtableTests" name="testContainsKey" time="0.001" />
  <testcase classname="hr.fer.zemris.java.tecaj.hw4.collections.SimpleHashtableTests" name="testRemoveExcep2" time="0.0" />
  <testcase classname="hr.fer.zemris.java.tecaj.hw4.collections.SimpleHashtableTests" name="testContainsValue" time="0.001" />
  <testcase classname="hr.fer.zemris.java.tecaj.hw4.collections.SimpleHashtableTests" name="testRearrange" time="0.0" />
  <testcase classname="hr.fer.zemris.java.tecaj.hw4.collections.SimpleHashtableTests" name="testKeyValidation" time="0.0" />
  <testcase classname="hr.fer.zemris.java.tecaj.hw4.collections.SimpleHashtableTests" name="testGetTableCapacity" time="0.0" />
  <testcase classname="hr.fer.zemris.java.tecaj.hw4.collections.SimpleHashtableTests" name="testPutException" time="0.0" />
  <testcase classname="hr.fer.zemris.java.tecaj.hw4.collections.SimpleHashtableTests" name="testIteratorExcep" time="0.001" />
  <testcase classname="hr.fer.zemris.java.tecaj.hw4.collections.SimpleHashtableTests" name="testGetExcep2" time="0.0" />
  <testcase classname="hr.fer.zemris.java.tecaj.hw4.collections.SimpleHashtableTests" name="testIsEmpty" time="0.0" />
  <testcase classname="hr.fer.zemris.java.tecaj.hw4.collections.SimpleHashtableTests" name="testRemove" time="0.001" />
  <testcase classname="hr.fer.zemris.java.tecaj.hw4.collections.SimpleHashtableTests" name="testConstructorException" time="0.0" />
  <testcase classname="hr.fer.zemris.java.tecaj.hw4.collections.SimpleHashtableTests" name="testIterator" time="0.0" />
  <testcase classname="hr.fer.zemris.java.tecaj.hw4.collections.SimpleHashtableTests" name="testDefaultConstructor" time="0.001" />
  <system-out><![CDATA[]]></system-out>
  <system-err><![CDATA[]]></system-err>
</testsuite>
